
**** Build of configuration Debug for project TX ****

"C:\\ti\\ccsv8\\utils\\bin\\gmake" -k -j 8 all -O 
 
Building file: "../main.c"
Invoking: MSP430 Compiler
"C:/ti/ccsv8/tools/compiler/ti-cgt-msp430_18.1.4.LTS/bin/cl430" -vmsp --use_hw_mpy=none --include_path="C:/ti/ccsv8/ccs_base/msp430/include" --include_path="E:/MicroP/Final Project/TX" --include_path="C:/ti/ccsv8/tools/compiler/ti-cgt-msp430_18.1.4.LTS/include" --advice:power=all --define=__MSP430G2553__ -g --printf_support=minimal --diag_warning=225 --diag_wrap=off --display_error_number --preproc_with_compile --preproc_dependency="main.d_raw"  "../main.c"
"../main.c", line 133: remark #2553-D: (ULP 14.1) Array index (involving "i") of type "int". Recommend using "unsigned int"
"../main.c", line 134: remark #2553-D: (ULP 14.1) Array index (involving "i") of type "int". Recommend using "unsigned int"
"../main.c", line 134: remark #2553-D: (ULP 14.1) Array index (involving "j") of type "int". Recommend using "unsigned int"
"../main.c", line 135: remark #2553-D: (ULP 14.1) Array index (involving "j") of type "int". Recommend using "unsigned int"
"../main.c", line 147: remark #2553-D: (ULP 14.1) Array index (involving "i") of type "int". Recommend using "unsigned int"
"../main.c", line 147: remark #1530-D: (ULP 5.1) Detected modulo operation(s). Recommend moving them to RAM during run time or not using as these are processing/power intensive
"../main.c", line 148: remark #1530-D: (ULP 5.1) Detected divide operation(s). Recommend moving them to RAM during run time or not using as these are processing/power intensive
"../main.c", line 154: remark #2553-D: (ULP 14.1) Array index (involving "i") of type "int". Recommend using "unsigned int"
"../main.c", line 157: remark #2553-D: (ULP 14.1) Array index (involving "i") of type "int". Recommend using "unsigned int"
"../main.c", line 177: remark #2553-D: (ULP 14.1) Array index (involving "i") of type "int". Recommend using "unsigned int"
"../main.c", line 182: remark #1533-D: (ULP 6.1) Detected use of multiplication on a device that has no hardware multiplier
"../main.c", line 251: remark #1528-D: (ULP 3.1) Detected flag polling using UCA0TXIFG. Recommend using an interrupt combined with enter LPMx and ISR
"../main.c", line 263: warning #112-D: statement is unreachable
"../main.c", line 243: remark #1530-D: (ULP 5.1) Detected divide operation(s). Recommend moving them to RAM during run time or not using as these are processing/power intensive
"../main.c", line 250: remark #1544-D: (ULP 13.1) Detected loop counting up. Recommend loops count down as detecting zeros is easier
"../main.c", line 255: remark #2553-D: (ULP 14.1) Array index (involving "i") of type "int". Recommend using "unsigned int"
"../main.c", line 250: remark #1544-D: (ULP 13.1) Detected loop counting up. Recommend loops count down as detecting zeros is easier
"../main.c", line 255: remark #2553-D: (ULP 14.1) Array index (involving "i") of type "int". Recommend using "unsigned int"
"../main.c", line 250: remark #1544-D: (ULP 13.1) Detected loop counting up. Recommend loops count down as detecting zeros is easier
"../main.c", line 255: remark #2553-D: (ULP 14.1) Array index (involving "i") of type "int". Recommend using "unsigned int"
"C:/ti/ccsv8/tools/compiler/ti-cgt-msp430_18.1.4.LTS/include/_defs.h", line 269 (col. 27): remark #1531-D: (ULP 5.2) Detected floating point operation(s). Recommend moving them to RAM during run time or not using as these are processing/power intensive
"C:/ti/ccsv8/tools/compiler/ti-cgt-msp430_18.1.4.LTS/include/_defs.h", line 270 (col. 10): remark #1531-D: (ULP 5.2) Detected floating point operation(s). Recommend moving them to RAM during run time or not using as these are processing/power intensive
"C:/ti/ccsv8/tools/compiler/ti-cgt-msp430_18.1.4.LTS/include/_defs.h", line 271 (col. 27): remark #1531-D: (ULP 5.2) Detected floating point operation(s). Recommend moving them to RAM during run time or not using as these are processing/power intensive
"C:/ti/ccsv8/tools/compiler/ti-cgt-msp430_18.1.4.LTS/include/_defs.h", line 272 (col. 10): remark #1531-D: (ULP 5.2) Detected floating point operation(s). Recommend moving them to RAM during run time or not using as these are processing/power intensive
"C:/ti/ccsv8/tools/compiler/ti-cgt-msp430_18.1.4.LTS/include/_defs.h", line 273 (col. 27): remark #1531-D: (ULP 5.2) Detected floating point operation(s). Recommend moving them to RAM during run time or not using as these are processing/power intensive
"C:/ti/ccsv8/tools/compiler/ti-cgt-msp430_18.1.4.LTS/include/_defs.h", line 274 (col. 10): remark #1531-D: (ULP 5.2) Detected floating point operation(s). Recommend moving them to RAM during run time or not using as these are processing/power intensive
"C:/ti/ccsv8/tools/compiler/ti-cgt-msp430_18.1.4.LTS/include/_defs.h", line 276 (col. 27): remark #1531-D: (ULP 5.2) Detected floating point operation(s). Recommend moving them to RAM during run time or not using as these are processing/power intensive
"C:/ti/ccsv8/tools/compiler/ti-cgt-msp430_18.1.4.LTS/include/_defs.h", line 277 (col. 10): remark #1531-D: (ULP 5.2) Detected floating point operation(s). Recommend moving them to RAM during run time or not using as these are processing/power intensive
"C:/ti/ccsv8/tools/compiler/ti-cgt-msp430_18.1.4.LTS/include/_defs.h", line 278 (col. 10): remark #1531-D: (ULP 5.2) Detected floating point operation(s). Recommend moving them to RAM during run time or not using as these are processing/power intensive
"C:/ti/ccsv8/tools/compiler/ti-cgt-msp430_18.1.4.LTS/include/_defs.h", line 279 (col. 27): remark #1531-D: (ULP 5.2) Detected floating point operation(s). Recommend moving them to RAM during run time or not using as these are processing/power intensive
"C:/ti/ccsv8/tools/compiler/ti-cgt-msp430_18.1.4.LTS/include/_defs.h", line 280 (col. 10): remark #1531-D: (ULP 5.2) Detected floating point operation(s). Recommend moving them to RAM during run time or not using as these are processing/power intensive
"C:/ti/ccsv8/tools/compiler/ti-cgt-msp430_18.1.4.LTS/include/_defs.h", line 281 (col. 10): remark #1531-D: (ULP 5.2) Detected floating point operation(s). Recommend moving them to RAM during run time or not using as these are processing/power intensive
"C:/ti/ccsv8/tools/compiler/ti-cgt-msp430_18.1.4.LTS/include/_defs.h", line 282 (col. 27): remark #1531-D: (ULP 5.2) Detected floating point operation(s). Recommend moving them to RAM during run time or not using as these are processing/power intensive
"C:/ti/ccsv8/tools/compiler/ti-cgt-msp430_18.1.4.LTS/include/_defs.h", line 283 (col. 10): remark #1531-D: (ULP 5.2) Detected floating point operation(s). Recommend moving them to RAM during run time or not using as these are processing/power intensive
"C:/ti/ccsv8/tools/compiler/ti-cgt-msp430_18.1.4.LTS/include/_defs.h", line 284 (col. 10): remark #1531-D: (ULP 5.2) Detected floating point operation(s). Recommend moving them to RAM during run time or not using as these are processing/power intensive
"C:/ti/ccsv8/tools/compiler/ti-cgt-msp430_18.1.4.LTS/include/_defs.h", line 286 (col. 27): remark #1531-D: (ULP 5.2) Detected floating point operation(s). Recommend moving them to RAM during run time or not using as these are processing/power intensive
"C:/ti/ccsv8/tools/compiler/ti-cgt-msp430_18.1.4.LTS/include/_defs.h", line 287 (col. 11): remark #1531-D: (ULP 5.2) Detected floating point operation(s). Recommend moving them to RAM during run time or not using as these are processing/power intensive
"C:/ti/ccsv8/tools/compiler/ti-cgt-msp430_18.1.4.LTS/include/_defs.h", line 288 (col. 11): remark #1531-D: (ULP 5.2) Detected floating point operation(s). Recommend moving them to RAM during run time or not using as these are processing/power intensive
"C:/ti/ccsv8/tools/compiler/ti-cgt-msp430_18.1.4.LTS/include/_defs.h", line 290 (col. 27): remark #1531-D: (ULP 5.2) Detected floating point operation(s). Recommend moving them to RAM during run time or not using as these are processing/power intensive
"C:/ti/ccsv8/tools/compiler/ti-cgt-msp430_18.1.4.LTS/include/_defs.h", line 291 (col. 11): remark #1531-D: (ULP 5.2) Detected floating point operation(s). Recommend moving them to RAM during run time or not using as these are processing/power intensive
"C:/ti/ccsv8/tools/compiler/ti-cgt-msp430_18.1.4.LTS/include/_defs.h", line 292 (col. 11): remark #1531-D: (ULP 5.2) Detected floating point operation(s). Recommend moving them to RAM during run time or not using as these are processing/power intensive
"C:/ti/ccsv8/tools/compiler/ti-cgt-msp430_18.1.4.LTS/include/_defs.h", line 294 (col. 27): remark #1531-D: (ULP 5.2) Detected floating point operation(s). Recommend moving them to RAM during run time or not using as these are processing/power intensive
"C:/ti/ccsv8/tools/compiler/ti-cgt-msp430_18.1.4.LTS/include/_defs.h", line 295 (col. 11): remark #1531-D: (ULP 5.2) Detected floating point operation(s). Recommend moving them to RAM during run time or not using as these are processing/power intensive
"C:/ti/ccsv8/tools/compiler/ti-cgt-msp430_18.1.4.LTS/include/_defs.h", line 296 (col. 11): remark #1531-D: (ULP 5.2) Detected floating point operation(s). Recommend moving them to RAM during run time or not using as these are processing/power intensive
"C:/ti/ccsv8/tools/compiler/ti-cgt-msp430_18.1.4.LTS/include/_defs.h", line 298 (col. 27): remark #1531-D: (ULP 5.2) Detected floating point operation(s). Recommend moving them to RAM during run time or not using as these are processing/power intensive
"C:/ti/ccsv8/tools/compiler/ti-cgt-msp430_18.1.4.LTS/include/_defs.h", line 299 (col. 10): remark #1531-D: (ULP 5.2) Detected floating point operation(s). Recommend moving them to RAM during run time or not using as these are processing/power intensive
"C:/ti/ccsv8/tools/compiler/ti-cgt-msp430_18.1.4.LTS/include/_defs.h", line 300 (col. 27): remark #1531-D: (ULP 5.2) Detected floating point operation(s). Recommend moving them to RAM during run time or not using as these are processing/power intensive
"C:/ti/ccsv8/tools/compiler/ti-cgt-msp430_18.1.4.LTS/include/_defs.h", line 301 (col. 10): remark #1531-D: (ULP 5.2) Detected floating point operation(s). Recommend moving them to RAM during run time or not using as these are processing/power intensive
"C:/ti/ccsv8/tools/compiler/ti-cgt-msp430_18.1.4.LTS/include/_defs.h", line 302 (col. 27): remark #1531-D: (ULP 5.2) Detected floating point operation(s). Recommend moving them to RAM during run time or not using as these are processing/power intensive
"C:/ti/ccsv8/tools/compiler/ti-cgt-msp430_18.1.4.LTS/include/_defs.h", line 303 (col. 10): remark #1531-D: (ULP 5.2) Detected floating point operation(s). Recommend moving them to RAM during run time or not using as these are processing/power intensive
"C:/ti/ccsv8/tools/compiler/ti-cgt-msp430_18.1.4.LTS/include/_defs.h", line 309 (col. 27): remark #1531-D: (ULP 5.2) Detected floating point operation(s). Recommend moving them to RAM during run time or not using as these are processing/power intensive
"C:/ti/ccsv8/tools/compiler/ti-cgt-msp430_18.1.4.LTS/include/_defs.h", line 310 (col. 10): remark #1531-D: (ULP 5.2) Detected floating point operation(s). Recommend moving them to RAM during run time or not using as these are processing/power intensive
"C:/ti/ccsv8/tools/compiler/ti-cgt-msp430_18.1.4.LTS/include/_defs.h", line 311 (col. 27): remark #1531-D: (ULP 5.2) Detected floating point operation(s). Recommend moving them to RAM during run time or not using as these are processing/power intensive
"C:/ti/ccsv8/tools/compiler/ti-cgt-msp430_18.1.4.LTS/include/_defs.h", line 312 (col. 10): remark #1531-D: (ULP 5.2) Detected floating point operation(s). Recommend moving them to RAM during run time or not using as these are processing/power intensive
"C:/ti/ccsv8/tools/compiler/ti-cgt-msp430_18.1.4.LTS/include/_defs.h", line 313 (col. 27): remark #1531-D: (ULP 5.2) Detected floating point operation(s). Recommend moving them to RAM during run time or not using as these are processing/power intensive
"C:/ti/ccsv8/tools/compiler/ti-cgt-msp430_18.1.4.LTS/include/_defs.h", line 314 (col. 10): remark #1531-D: (ULP 5.2) Detected floating point operation(s). Recommend moving them to RAM during run time or not using as these are processing/power intensive
"C:/ti/ccsv8/tools/compiler/ti-cgt-msp430_18.1.4.LTS/include/_defs.h", line 331 (col. 27): remark #1531-D: (ULP 5.2) Detected floating point operation(s). Recommend moving them to RAM during run time or not using as these are processing/power intensive
"C:/ti/ccsv8/tools/compiler/ti-cgt-msp430_18.1.4.LTS/include/_defs.h", line 333 (col. 9): remark #1531-D: (ULP 5.2) Detected floating point operation(s). Recommend moving them to RAM during run time or not using as these are processing/power intensive
"C:/ti/ccsv8/tools/compiler/ti-cgt-msp430_18.1.4.LTS/include/_defs.h", line 335 (col. 13): remark #1531-D: (ULP 5.2) Detected floating point operation(s). Recommend moving them to RAM during run time or not using as these are processing/power intensive
"C:/ti/ccsv8/tools/compiler/ti-cgt-msp430_18.1.4.LTS/include/_defs.h", line 339 (col. 9): remark #1531-D: (ULP 5.2) Detected floating point operation(s). Recommend moving them to RAM during run time or not using as these are processing/power intensive
"C:/ti/ccsv8/tools/compiler/ti-cgt-msp430_18.1.4.LTS/include/_defs.h", line 341 (col. 13): remark #1531-D: (ULP 5.2) Detected floating point operation(s). Recommend moving them to RAM during run time or not using as these are processing/power intensive
"C:/ti/ccsv8/tools/compiler/ti-cgt-msp430_18.1.4.LTS/include/_defs.h", line 348 (col. 27): remark #1531-D: (ULP 5.2) Detected floating point operation(s). Recommend moving them to RAM during run time or not using as these are processing/power intensive
"C:/ti/ccsv8/tools/compiler/ti-cgt-msp430_18.1.4.LTS/include/_defs.h", line 350 (col. 9): remark #1531-D: (ULP 5.2) Detected floating point operation(s). Recommend moving them to RAM during run time or not using as these are processing/power intensive
"C:/ti/ccsv8/tools/compiler/ti-cgt-msp430_18.1.4.LTS/include/_defs.h", line 352 (col. 13): remark #1531-D: (ULP 5.2) Detected floating point operation(s). Recommend moving them to RAM during run time or not using as these are processing/power intensive
"C:/ti/ccsv8/tools/compiler/ti-cgt-msp430_18.1.4.LTS/include/_defs.h", line 356 (col. 9): remark #1531-D: (ULP 5.2) Detected floating point operation(s). Recommend moving them to RAM during run time or not using as these are processing/power intensive
"C:/ti/ccsv8/tools/compiler/ti-cgt-msp430_18.1.4.LTS/include/_defs.h", line 358 (col. 13): remark #1531-D: (ULP 5.2) Detected floating point operation(s). Recommend moving them to RAM during run time or not using as these are processing/power intensive
"C:/ti/ccsv8/tools/compiler/ti-cgt-msp430_18.1.4.LTS/include/_defs.h", line 365 (col. 27): remark #1531-D: (ULP 5.2) Detected floating point operation(s). Recommend moving them to RAM during run time or not using as these are processing/power intensive
"C:/ti/ccsv8/tools/compiler/ti-cgt-msp430_18.1.4.LTS/include/_defs.h", line 367 (col. 9): remark #1531-D: (ULP 5.2) Detected floating point operation(s). Recommend moving them to RAM during run time or not using as these are processing/power intensive
"C:/ti/ccsv8/tools/compiler/ti-cgt-msp430_18.1.4.LTS/include/_defs.h", line 369 (col. 13): remark #1531-D: (ULP 5.2) Detected floating point operation(s). Recommend moving them to RAM during run time or not using as these are processing/power intensive
"C:/ti/ccsv8/tools/compiler/ti-cgt-msp430_18.1.4.LTS/include/_defs.h", line 373 (col. 9): remark #1531-D: (ULP 5.2) Detected floating point operation(s). Recommend moving them to RAM during run time or not using as these are processing/power intensive
"C:/ti/ccsv8/tools/compiler/ti-cgt-msp430_18.1.4.LTS/include/_defs.h", line 375 (col. 13): remark #1531-D: (ULP 5.2) Detected floating point operation(s). Recommend moving them to RAM during run time or not using as these are processing/power intensive
"../main.c", line 161 (col. 6): remark #1531-D: (ULP 5.2) Detected floating point operation(s). Recommend moving them to RAM during run time or not using as these are processing/power intensive
"../main.c", line 166 (col. 17): remark #1531-D: (ULP 5.2) Detected floating point operation(s). Recommend moving them to RAM during run time or not using as these are processing/power intensive
"../main.c", line 169 (col. 21): remark #1531-D: (ULP 5.2) Detected floating point operation(s). Recommend moving them to RAM during run time or not using as these are processing/power intensive
"../main.c", line 182 (col. 15): remark #1531-D: (ULP 5.2) Detected floating point operation(s). Recommend moving them to RAM during run time or not using as these are processing/power intensive
"../main.c", line 243 (col. 24): remark #1531-D: (ULP 5.2) Detected floating point operation(s). Recommend moving them to RAM during run time or not using as these are processing/power intensive
"../main.c", line 244 (col. 25): remark #1531-D: (ULP 5.2) Detected floating point operation(s). Recommend moving them to RAM during run time or not using as these are processing/power intensive
Finished building: "../main.c"
 
Building target: "TX.out"
Invoking: MSP430 Linker
"C:/ti/ccsv8/tools/compiler/ti-cgt-msp430_18.1.4.LTS/bin/cl430" -vmsp --use_hw_mpy=none --advice:power=all --define=__MSP430G2553__ -g --printf_support=minimal --diag_warning=225 --diag_wrap=off --display_error_number -z -m"TX.map" --heap_size=80 --stack_size=80 -i"C:/ti/ccsv8/ccs_base/msp430/include" -i"C:/ti/ccsv8/tools/compiler/ti-cgt-msp430_18.1.4.LTS/lib" -i"C:/ti/ccsv8/tools/compiler/ti-cgt-msp430_18.1.4.LTS/include" --reread_libs --diag_wrap=off --display_error_number --warn_sections --xml_link_info="TX_linkInfo.xml" --use_hw_mpy=none --rom_model -o "TX.out" "./main.obj" "../lnk_msp430g2553.cmd"  -llibc.a 
<Linking>
remark #10371-D: (ULP 1.1) Detected no uses of low power mode state changing instructions
remark #10372-D: (ULP 4.1) Detected uninitialized Port 3 in this project. Recommend initializing all unused ports to eliminate wasted current consumption on unused pins.
Finished building target: "TX.out"
 

**** Build Finished ****
